absl-py==1.4.0
anyio==3.6.2
apt-clone==0.2.1
apturl==0.5.2
argon2-cffi==21.3.0
argon2-cffi-bindings==21.2.0
array-record==0.2.0
arrow==1.2.3
asttokens==2.2.1
astunparse==1.6.3
async-timeout==4.0.1
attrs==22.2.0
backcall==0.2.0
beautifulsoup4==4.10.0
bleach==6.0.0
blinker==1.4
blis==0.7.9
Brlapi==0.8.3
Brotli==1.0.9
bs4==0.0.1
cachetools==5.3.0
catalogue==2.0.8
certifi==2020.6.20
cffi==1.15.1
chardet==4.0.0
click==8.0.3
cmake==3.27.2
colorama==0.4.4
comm==0.1.2
command-not-found==0.3
confection==0.0.4
configobj==5.0.6
contourpy==1.0.7
cryptography==3.4.8
cupshelpers==1.0
cycler==0.11.0
cymem==2.0.7
dbus-python==1.2.18
debugpy==1.6.6
decorator==5.1.1
defer==1.0.6
defusedxml==0.7.1
dgl==1.1.2
dglke==0.1.2
distro==1.7.0
dm-tree==0.1.8
einops==0.6.0
en-core-web-sm @ https://github.com/explosion/spacy-models/releases/download/en_core_web_sm-3.5.0/en_core_web_sm-3.5.0-py3-none-any.whl
etils==1.0.0
executing==1.2.0
eyeD3==0.8.10
fastjsonschema==2.16.3
filelock==3.6.0
flatbuffers==23.3.3
fonttools==4.39.0
fqdn==1.5.1
freebase==1.0.8
frozendict==2.3.6
future==0.18.3
gast==0.4.0
google-auth==2.16.2
google-auth-oauthlib==1.0.0
google-pasta==0.2.0
googleapis-common-protos==1.58.0
grpcio==1.53.0
gyp==0.1
h11==0.14.0
h5py==3.8.0
html2text==2020.1.16
html5lib==1.1
httpcore==1.0.2
httplib2==0.20.2
httpx==0.25.1
idna==3.3
ifaddr==0.1.7
IMDbPY==2021.4.18
img2pdf==0.4.2
importlib-metadata==4.6.4
importlib-resources==5.12.0
ipykernel==6.21.3
ipython==8.11.0
ipython-genutils==0.2.0
ipywidgets==8.0.4
isodate==0.6.1
isoduration==20.11.0
jax==0.4.8
jedi==0.18.2
jeepney==0.7.1
Jinja2==3.1.2
joblib==1.2.0
jsonpointer==2.3
jsonschema==4.17.3
jupyter==1.0.0
jupyter-console==6.6.3
jupyter-events==0.6.3
jupyter_client==8.0.3
jupyter_core==5.2.0
jupyter_server==2.4.0
jupyter_server_terminals==0.4.4
jupyterlab-pygments==0.2.2
jupyterlab-widgets==3.0.5
keras==2.12.0
keyring==23.5.0
kiwisolver==1.4.4
langcodes==3.3.0
language-selector==0.1
launchpadlib==1.10.16
lazr.restfulclient==0.14.4
lazr.uri==1.0.6
libclang==15.0.6.1
lit==16.0.6
louis==3.20.0
lxml==4.9.2
macaroonbakery==1.3.1
Mako==1.1.3
Markdown==3.4.1
MarkupSafe==2.1.2
matplotlib==3.7.1
matplotlib-inline==0.1.6
mistune==2.0.5
ml-dtypes==0.1.0
more-itertools==8.10.0
mpmath==1.3.0
murmurhash==1.0.9
mutagen==1.45.1
nbclassic==0.5.3
nbclient==0.7.2
nbconvert==7.2.9
nbformat==5.7.3
nemo-emblems==6.0.1
nest-asyncio==1.5.6
netaddr==0.8.0
netifaces==0.11.0
networkx==3.1
nltk==3.8.1
notebook==6.5.3
notebook_shim==0.2.2
numpy==1.23.5
nvidia-cublas-cu11==11.10.3.66
nvidia-cuda-cupti-cu11==11.7.101
nvidia-cuda-nvrtc-cu11==11.7.99
nvidia-cuda-runtime-cu11==11.7.99
nvidia-cudnn-cu11==8.5.0.96
nvidia-cufft-cu11==10.9.0.58
nvidia-curand-cu11==10.2.10.91
nvidia-cusolver-cu11==11.4.0.1
nvidia-cusparse-cu11==11.7.4.91
nvidia-nccl-cu11==2.14.3
nvidia-nvtx-cu11==11.7.91
oauthlib==3.2.0
onboard==1.4.1
opt-einsum==3.3.0
packaging==21.3
PAM==0.4.2
pandas==1.5.3
pandocfilters==1.5.0
parso==0.8.3
pathy==0.10.1
pexpect==4.8.0
pickleshare==0.7.5
pikepdf==5.0.1+dfsg
Pillow==9.0.1
platformdirs==3.1.0
preshed==3.0.8
prometheus-client==0.16.0
promise==2.3
prompt-toolkit==3.0.38
protobuf==3.20.3
psutil==5.9.0
ptyprocess==0.7.0
pure-eval==0.2.2
pyasn1==0.4.8
pyasn1-modules==0.2.8
pycairo==1.20.1
pycparser==2.21
pycryptodomex==3.11.0
pycups==2.0.1
pycurl==7.44.1
pydantic==1.10.9
pyelftools==0.27
Pygments==2.14.0
PyGObject==3.42.1
PyICU==2.8.1
pyinotify==0.9.6
PyJWT==2.3.0
PyLD==2.0.3
pymacaroons==0.13.0
PyNaCl==1.5.0
pyparsing==2.4.7
pyparted==3.11.7
pyRFC3339==1.1
pyrsistent==0.19.3
python-apt==2.4.0+ubuntu3
python-dateutil==2.8.2
python-debian==0.1.43+ubuntu1.1
python-gnupg==0.4.8
python-json-logger==2.0.7
python-magic==0.4.24
python-xlib==0.29
pytz==2022.1
pyxattr==0.7.2
pyxdg==0.27
PyYAML==5.4.1
pyzmq==25.0.0
qrcode==7.3.1
qtconsole==5.4.1
QtPy==2.3.0
rdflib==6.3.2
regex==2023.12.25
reportlab==3.6.8
requests==2.25.1
requests-file==1.5.1
requests-oauthlib==1.3.1
resnet==0.1
rfc3339-validator==0.1.4
rfc3986-validator==0.1.1
rsa==4.9
scikit-learn==1.2.1
scipy==1.10.1
seaborn==0.13.1
SecretStorage==3.3.1
Send2Trash==1.8.0
setproctitle==1.2.2
six==1.16.0
sklearn==0.0.post1
smart-open==6.3.0
sniffio==1.3.0
soupsieve==2.3.1
spacy==3.5.3
spacy-legacy==3.0.12
spacy-loggers==1.0.4
srsly==2.4.6
ssh-import-id==5.11
stack-data==0.6.2
sympy==1.12
systemd-python==234
tensorboard==2.12.2
tensorboard-data-server==0.7.0
tensorboard-plugin-wit==1.8.1
tensorflow==2.12.0
tensorflow-datasets==4.9.2
tensorflow-estimator==2.12.0
tensorflow-hub==0.12.0
tensorflow-io-gcs-filesystem==0.31.0
tensorflow-metadata==1.12.0
tensorflow-text==2.12.1
termcolor==2.2.0
terminado==0.17.1
thinc==8.1.10
threadpoolctl==3.1.0
tinycss2==1.1.1
tldextract==3.1.2
toml==0.10.2
torch==1.13.1
torchvision==0.14.1
tornado==6.2
tqdm==4.65.0
traitlets==5.9.0
triton==2.0.0
typer==0.7.0
typing_extensions==4.5.0
ubuntu-drivers-common==0.0.0
ufw==0.36.1
Unidecode==1.3.3
uri-template==1.2.0
urllib3==1.26.5
wadllib==1.3.6
wasabi==1.1.2
wcwidth==0.2.6
webcolors==1.12
webencodings==0.5.1
websocket-client==1.5.1
websockets==9.1
Werkzeug==2.2.3
wget==3.2
widgetsnbextension==4.0.5
wikidata-dl==2023.7.27
wptools==0.4.17
wrapt==1.14.1
xdg==5
xkit==0.0.0
xlrd==1.2.0
yellowbrick==1.5
yt-dlp==2022.4.8
zipp==1.0.0
